[2023-08-10 03:15:27,204] [INFO] 5***********@x**.fun 获得了 421MB 流量.
[2023-08-10 03:15:28,927] [INFO] d**@x**.fun 获得了 326MB 流量.
[2023-08-10 03:15:30,654] [INFO] h**@a***********.org 获得了 489MB 流量.
[2023-08-10 03:15:32,140] [INFO] c****@q****.com 获得了 383MB 流量.
[2023-08-11 03:15:01,327] [INFO] 5***********@x**.fun 获得了 300MB 流量.
[2023-08-11 03:15:02,702] [INFO] d**@x**.fun 获得了 394MB 流量.
[2023-08-11 03:15:04,146] [INFO] h**@a***********.org 获得了 452MB 流量.
[2023-08-11 03:15:05,690] [INFO] c****@q****.com 获得了 477MB 流量.
[2023-08-12 03:14:28,229] [INFO] 5***********@x**.fun 获得了 435MB 流量.
[2023-08-12 03:14:29,788] [INFO] d**@x**.fun 获得了 373MB 流量.
[2023-08-12 03:14:31,366] [INFO] h**@a***********.org 获得了 485MB 流量.
[2023-08-12 03:14:32,925] [INFO] c****@q****.com 获得了 479MB 流量.
[2023-08-13 03:14:21,251] [INFO] 5***********@x**.fun 获得了 476MB 流量.
[2023-08-13 03:14:22,631] [INFO] d**@x**.fun 获得了 334MB 流量.
[2023-08-13 03:14:23,989] [INFO] h**@a***********.org 获得了 488MB 流量.
[2023-08-13 03:14:25,585] [INFO] c****@q****.com 获得了 411MB 流量.
[2023-08-14 03:15:04,985] [INFO] 5***********@x**.fun 获得了 362MB 流量.
[2023-08-14 03:15:06,437] [INFO] d**@x**.fun 获得了 484MB 流量.
[2023-08-14 03:15:07,879] [INFO] h**@a***********.org 获得了 365MB 流量.
[2023-08-14 03:15:09,318] [INFO] c****@q****.com 获得了 391MB 流量.
[2023-08-15 03:14:56,596] [INFO] 5***********@x**.fun 获得了 382MB 流量.
[2023-08-15 03:14:58,436] [INFO] d**@x**.fun 获得了 406MB 流量.
[2023-08-15 03:15:00,236] [INFO] h**@a***********.org 获得了 389MB 流量.
[2023-08-15 03:15:02,112] [INFO] c****@q****.com 获得了 315MB 流量.
[2023-08-16 03:15:25,526] [INFO] 5***********@x**.fun 获得了 456MB 流量.
[2023-08-16 03:15:27,131] [INFO] d**@x**.fun 获得了 406MB 流量.
[2023-08-16 03:15:28,749] [INFO] h**@a***********.org 获得了 467MB 流量.
[2023-08-16 03:15:30,112] [INFO] c****@q****.com 获得了 416MB 流量.
[2023-08-17 03:14:52,975] [INFO] 5***********@x**.fun 获得了 322MB 流量.
[2023-08-17 03:14:54,410] [INFO] d**@x**.fun 获得了 401MB 流量.
[2023-08-17 03:14:55,830] [INFO] h**@a***********.org 获得了 358MB 流量.
[2023-08-17 03:14:57,244] [INFO] c****@q****.com 获得了 407MB 流量.
[2023-08-18 03:15:07,335] [INFO] 5***********@x**.fun 获得了 363MB 流量.
[2023-08-18 03:15:09,309] [INFO] d**@x**.fun 获得了 382MB 流量.
[2023-08-18 03:15:10,939] [INFO] h**@a***********.org 获得了 362MB 流量.
[2023-08-18 03:15:12,250] [INFO] c****@q****.com 获得了 470MB 流量.
[2023-08-19 03:15:14,025] [INFO] 5***********@x**.fun 获得了 388MB 流量.
[2023-08-19 03:15:15,616] [INFO] d**@x**.fun 获得了 407MB 流量.
[2023-08-19 03:15:17,219] [INFO] h**@a***********.org 获得了 489MB 流量.
[2023-08-19 03:15:18,927] [INFO] c****@q****.com 获得了 480MB 流量.
[2023-08-20 03:14:21,342] [INFO] 5***********@x**.fun 获得了 454MB 流量.
[2023-08-20 03:14:22,931] [INFO] d**@x**.fun 获得了 364MB 流量.
[2023-08-20 03:14:24,478] [INFO] h**@a***********.org 获得了 466MB 流量.
[2023-08-20 03:14:26,034] [INFO] c****@q****.com 获得了 361MB 流量.
[2023-08-21 03:15:08,617] [INFO] 5***********@x**.fun 获得了 342MB 流量.
[2023-08-21 03:15:10,387] [INFO] d**@x**.fun 获得了 329MB 流量.
[2023-08-21 03:15:12,128] [INFO] h**@a***********.org 获得了 399MB 流量.
[2023-08-21 03:15:13,870] [INFO] c****@q****.com 获得了 333MB 流量.
[2023-08-22 03:15:13,175] [INFO] 5***********@x**.fun 获得了 491MB 流量.
[2023-08-22 03:15:14,830] [INFO] d**@x**.fun 获得了 390MB 流量.
[2023-08-22 03:15:16,733] [INFO] h**@a***********.org 获得了 434MB 流量.
[2023-08-22 03:15:18,429] [INFO] c****@q****.com 获得了 321MB 流量.
[2023-08-23 03:15:14,077] [INFO] 5***********@x**.fun 获得了 372MB 流量.
[2023-08-23 03:15:15,571] [INFO] d**@x**.fun 获得了 339MB 流量.
[2023-08-23 03:15:21,516] [INFO] h**@a***********.org 获得了 306MB 流量.
[2023-08-23 03:15:23,010] [INFO] c****@q****.com 获得了 490MB 流量.
[2023-08-24 03:15:16,892] [INFO] 5***********@x**.fun 获得了 374MB 流量.
[2023-08-24 03:15:18,350] [INFO] d**@x**.fun 获得了 425MB 流量.
[2023-08-24 03:15:19,807] [INFO] h**@a***********.org 获得了 483MB 流量.
[2023-08-24 03:15:21,262] [INFO] c****@q****.com 获得了 304MB 流量.
[2023-08-25 03:15:22,379] [INFO] 5***********@x**.fun 获得了 363MB 流量.
[2023-08-25 03:15:23,870] [INFO] d**@x**.fun 获得了 406MB 流量.
[2023-08-25 03:15:25,338] [INFO] h**@a***********.org 获得了 323MB 流量.
[2023-08-25 03:15:26,819] [INFO] c****@q****.com 获得了 392MB 流量.
[2023-08-26 03:14:41,705] [INFO] 5***********@x**.fun 获得了 441MB 流量.
[2023-08-26 03:14:43,380] [INFO] d**@x**.fun 获得了 417MB 流量.
[2023-08-26 03:14:44,814] [INFO] h**@a***********.org 获得了 424MB 流量.
[2023-08-26 03:14:46,490] [INFO] c****@q****.com 获得了 347MB 流量.
[2023-08-27 03:14:54,905] [INFO] 5***********@x**.fun 获得了 475MB 流量.
[2023-08-27 03:14:56,317] [INFO] d**@x**.fun 获得了 337MB 流量.
[2023-08-27 03:14:57,748] [INFO] h**@a***********.org 获得了 462MB 流量.
[2023-08-27 03:14:58,965] [INFO] c****@q****.com 获得了 448MB 流量.
[2023-08-28 03:15:30,121] [INFO] 5***********@x**.fun 获得了 465MB 流量.
[2023-08-28 03:15:31,880] [INFO] d**@x**.fun 获得了 328MB 流量.
[2023-08-28 03:15:33,685] [INFO] h**@a***********.org 获得了 307MB 流量.
[2023-08-28 03:15:35,314] [INFO] c****@q****.com 获得了 443MB 流量.
[2023-08-29 03:16:08,626] [INFO] 5***********@x**.fun 获得了 457MB 流量.
[2023-08-29 03:16:10,073] [INFO] d**@x**.fun 获得了 312MB 流量.
[2023-08-29 03:16:11,330] [INFO] h**@a***********.org 获得了 473MB 流量.
[2023-08-29 03:16:12,771] [INFO] c****@q****.com 获得了 499MB 流量.
[2023-08-30 03:15:22,349] [INFO] 5***********@x**.fun 获得了 498MB 流量.
[2023-08-30 03:15:23,560] [INFO] d**@x**.fun 获得了 310MB 流量.
[2023-08-30 03:15:24,983] [INFO] h**@a***********.org 获得了 361MB 流量.
[2023-08-30 03:15:26,352] [INFO] c****@q****.com 获得了 370MB 流量.
[2023-08-31 03:15:16,229] [INFO] 5***********@x**.fun 获得了 358MB 流量.
[2023-08-31 03:15:17,617] [INFO] d**@x**.fun 获得了 407MB 流量.
[2023-08-31 03:15:18,823] [INFO] h**@a***********.org 获得了 453MB 流量.
[2023-08-31 03:15:20,241] [INFO] c****@q****.com 获得了 465MB 流量.
[2023-09-01 03:15:52,266] [INFO] 5***********@x**.fun 获得了 438MB 流量.
[2023-09-01 03:15:53,993] [INFO] d**@x**.fun 获得了 495MB 流量.
[2023-09-01 03:15:55,428] [INFO] h**@a***********.org 获得了 496MB 流量.
[2023-09-01 03:15:57,143] [INFO] c****@q****.com 获得了 428MB 流量.
[2023-09-02 03:14:41,579] [INFO] 5***********@x**.fun 获得了 336MB 流量.
[2023-09-02 03:14:42,951] [INFO] d**@x**.fun 获得了 434MB 流量.
[2023-09-02 03:14:44,116] [INFO] h**@a***********.org 获得了 381MB 流量.
[2023-09-02 03:14:45,280] [INFO] c****@q****.com 获得了 496MB 流量.
[2023-09-03 03:14:46,815] [INFO] 5***********@x**.fun 获得了 428MB 流量.
[2023-09-03 03:14:48,523] [INFO] d**@x**.fun 获得了 317MB 流量.
[2023-09-03 03:14:50,323] [INFO] h**@a***********.org 获得了 496MB 流量.
[2023-09-03 03:14:52,050] [INFO] c****@q****.com 获得了 428MB 流量.
[2023-09-04 03:15:43,956] [INFO] 5***********@x**.fun 获得了 452MB 流量.
[2023-09-04 03:15:45,287] [INFO] d**@x**.fun 获得了 407MB 流量.
[2023-09-04 03:15:46,872] [INFO] h**@a***********.org 获得了 450MB 流量.
[2023-09-04 03:15:48,249] [INFO] c****@q****.com 获得了 380MB 流量.
[2023-09-05 03:15:43,178] [INFO] 5***********@x**.fun 获得了 351MB 流量.
[2023-09-05 03:15:44,915] [INFO] d**@x**.fun 获得了 361MB 流量.
[2023-09-05 03:15:46,387] [INFO] h**@a***********.org 获得了 322MB 流量.
[2023-09-05 03:15:48,108] [INFO] c****@q****.com 获得了 470MB 流量.
[2023-09-06 03:15:12,589] [INFO] 5***********@x**.fun 获得了 484MB 流量.
[2023-09-06 03:15:14,286] [INFO] d**@x**.fun 获得了 451MB 流量.
[2023-09-06 03:15:15,984] [INFO] h**@a***********.org 获得了 353MB 流量.
[2023-09-06 03:15:17,698] [INFO] c****@q****.com 获得了 498MB 流量.
[2023-09-07 03:15:07,089] [INFO] 5***********@x**.fun 获得了 413MB 流量.
[2023-09-07 03:15:08,624] [INFO] d**@x**.fun 获得了 472MB 流量.
[2023-09-07 03:15:10,208] [INFO] h**@a***********.org 获得了 431MB 流量.
[2023-09-07 03:15:11,745] [INFO] c****@q****.com 获得了 451MB 流量.
[2023-09-08 03:15:04,941] [INFO] 5***********@x**.fun 获得了 396MB 流量.
[2023-09-08 03:15:06,364] [INFO] d**@x**.fun 获得了 443MB 流量.
[2023-09-08 03:15:07,793] [INFO] h**@a***********.org 获得了 376MB 流量.
[2023-09-08 03:15:09,226] [INFO] c****@q****.com 获得了 326MB 流量.
[2023-09-09 03:14:43,115] [INFO] 5***********@x**.fun 获得了 343MB 流量.
[2023-09-09 03:14:44,716] [INFO] d**@x**.fun 获得了 350MB 流量.
[2023-09-09 03:14:46,336] [INFO] h**@a***********.org 获得了 364MB 流量.
[2023-09-09 03:14:47,885] [INFO] c****@q****.com 获得了 300MB 流量.
[2023-09-10 03:14:51,348] [INFO] 5***********@x**.fun 获得了 462MB 流量.
[2023-09-10 03:14:53,031] [INFO] d**@x**.fun 获得了 482MB 流量.
[2023-09-10 03:14:54,733] [INFO] h**@a***********.org 获得了 447MB 流量.
[2023-09-10 03:14:56,442] [INFO] c****@q****.com 获得了 462MB 流量.
[2023-09-11 03:15:38,907] [INFO] 5***********@x**.fun 获得了 466MB 流量.
[2023-09-11 03:15:40,358] [INFO] d**@x**.fun 获得了 389MB 流量.
[2023-09-11 03:15:41,846] [INFO] h**@a***********.org 获得了 428MB 流量.
[2023-09-11 03:15:43,121] [INFO] c****@q****.com 获得了 500MB 流量.
[2023-09-12 03:15:19,935] [INFO] 5***********@x**.fun 获得了 308MB 流量.
[2023-09-12 03:15:21,376] [INFO] d**@x**.fun 获得了 436MB 流量.
[2023-09-12 03:15:22,847] [INFO] h**@a***********.org 获得了 463MB 流量.
[2023-09-12 03:15:24,091] [INFO] c****@q****.com 获得了 483MB 流量.
[2023-09-13 03:15:22,371] [INFO] 5***********@x**.fun 获得了 324MB 流量.
[2023-09-13 03:15:23,848] [INFO] d**@x**.fun 获得了 401MB 流量.
[2023-09-13 03:15:25,099] [INFO] h**@a***********.org 获得了 443MB 流量.
[2023-09-13 03:15:26,639] [INFO] c****@q****.com 获得了 439MB 流量.
[2023-09-14 03:15:10,707] [INFO] 5***********@x**.fun 获得了 383MB 流量.
[2023-09-14 03:15:12,232] [INFO] d**@x**.fun 获得了 352MB 流量.
[2023-09-14 03:15:13,529] [INFO] h**@a***********.org 获得了 371MB 流量.
[2023-09-14 03:15:15,039] [INFO] c****@q****.com 获得了 404MB 流量.
[2023-09-14 09:11:33,065] [INFO] r*********@o******.com 您似乎已经签到过了...
[2023-09-15 03:18:11,618] [INFO] r*********@o******.com 获得了 400MB 流量.
[2023-09-16 03:17:47,187] [INFO] r*********@o******.com 获得了 473MB 流量.
[2023-09-17 03:17:47,235] [INFO] r*********@o******.com 获得了 493MB 流量.
[2023-09-18 03:18:40,403] [INFO] r*********@o******.com 获得了 463MB 流量.
[2023-10-07 03:18:22,037] [INFO] r*********@o******.com 获得了 432MB 流量.
[2023-10-08 03:18:10,157] [INFO] r*********@o******.com 获得了 496MB 流量.
[2023-10-09 03:18:27,652] [INFO] r*********@o******.com 获得了 382MB 流量.
[2023-10-10 03:18:36,814] [INFO] r*********@o******.com 获得了 301MB 流量.
[2023-10-11 03:18:54,187] [INFO] r*********@o******.com 获得了 303MB 流量.
[2023-10-12 03:18:30,218] [INFO] r*********@o******.com 获得了 366MB 流量.
[2023-10-13 03:19:15,721] [INFO] r*********@o******.com 获得了 481MB 流量.
[2023-10-14 03:18:01,656] [INFO] r*********@o******.com 获得了 451MB 流量.
[2023-10-15 03:18:19,932] [INFO] r*********@o******.com 获得了 340MB 流量.
[2023-10-16 03:19:17,947] [INFO] r*********@o******.com 获得了 320MB 流量.
[2023-10-17 03:18:48,933] [INFO] r*********@o******.com 获得了 306MB 流量.
[2023-10-18 03:18:44,782] [INFO] r*********@o******.com 获得了 492MB 流量.
[2023-10-19 03:18:36,025] [INFO] r*********@o******.com 获得了 358MB 流量.
[2023-10-20 03:18:28,020] [INFO] r*********@o******.com 获得了 357MB 流量.
[2023-10-21 03:18:14,182] [INFO] r*********@o******.com 获得了 464MB 流量.
[2023-10-22 03:19:20,481] [INFO] r*********@o******.com 获得了 413MB 流量.
[2023-10-23 03:19:01,331] [INFO] r*********@o******.com 获得了 435MB 流量.
[2023-10-24 03:19:40,780] [INFO] r*********@o******.com 获得了 357MB 流量.
[2023-10-25 03:18:44,186] [INFO] r*********@o******.com 获得了 372MB 流量.
[2023-10-26 03:18:17,946] [INFO] r*********@o******.com 获得了 321MB 流量.
[2023-10-27 03:18:14,331] [INFO] r*********@o******.com 获得了 488MB 流量.
[2023-10-28 03:18:03,765] [INFO] r*********@o******.com 获得了 449MB 流量.
[2023-10-29 03:18:17,981] [INFO] r*********@o******.com 获得了 446MB 流量.
[2023-10-30 03:18:51,884] [INFO] r*********@o******.com 获得了 479MB 流量.
[2023-10-31 03:18:41,873] [INFO] r*********@o******.com 获得了 465MB 流量.
[2023-11-01 03:19:02,509] [INFO] r*********@o******.com 获得了 348MB 流量.
[2023-11-02 03:18:53,341] [INFO] r*********@o******.com 获得了 487MB 流量.
[2023-11-03 03:18:38,467] [INFO] r*********@o******.com 获得了 454MB 流量.
[2023-11-04 03:18:28,951] [INFO] r*********@o******.com 获得了 495MB 流量.
[2023-11-05 03:20:36,503] [INFO] r*********@o******.com 获得了 431MB 流量.
[2023-11-06 03:19:09,439] [INFO] r*********@o******.com 获得了 404MB 流量.
[2023-11-07 03:18:50,864] [INFO] r*********@o******.com 获得了 359MB 流量.
[2023-11-08 03:18:55,989] [INFO] r*********@o******.com 获得了 390MB 流量.
[2023-11-09 03:18:34,250] [INFO] r*********@o******.com 获得了 408MB 流量.
[2023-11-10 03:18:53,293] [INFO] r*********@o******.com 获得了 442MB 流量.
[2023-11-11 03:20:13,647] [INFO] r*********@o******.com 获得了 461MB 流量.
[2023-11-12 03:18:20,654] [INFO] r*********@o******.com 获得了 332MB 流量.
[2023-11-13 03:19:07,626] [INFO] r*********@o******.com 获得了 405MB 流量.
[2023-11-14 03:19:00,373] [INFO] r*********@o******.com 获得了 414MB 流量.
[2023-11-15 03:19:35,590] [INFO] r*********@o******.com 获得了 338MB 流量.
[2023-11-16 03:19:40,669] [INFO] r*********@o******.com 获得了 477MB 流量.
[2023-11-17 03:19:36,647] [INFO] r*********@o******.com 获得了 490MB 流量.
[2023-11-18 03:19:11,304] [INFO] r*********@o******.com 获得了 337MB 流量.
[2023-11-19 03:19:02,545] [INFO] r*********@o******.com 获得了 431MB 流量.
[2023-11-20 03:19:56,119] [INFO] r*********@o******.com 获得了 490MB 流量.
[2023-11-21 03:20:09,124] [INFO] r*********@o******.com 获得了 335MB 流量.
[2023-11-22 03:20:15,695] [INFO] r*********@o******.com 获得了 475MB 流量.
[2023-11-23 03:19:28,984] [INFO] r*********@o******.com 获得了 333MB 流量.
[2023-11-24 03:19:27,852] [INFO] r*********@o******.com 获得了 332MB 流量.
[2023-11-25 03:19:28,273] [INFO] r*********@o******.com 获得了 327MB 流量.
[2023-11-26 03:18:55,122] [INFO] r*********@o******.com 获得了 349MB 流量.
[2023-11-27 03:19:42,963] [INFO] r*********@o******.com 获得了 389MB 流量.
[2023-11-28 03:19:48,114] [INFO] r*********@o******.com 获得了 467MB 流量.
[2023-11-29 03:19:25,515] [INFO] r*********@o******.com 获得了 448MB 流量.
[2023-11-30 03:19:23,277] [INFO] r*********@o******.com 获得了 446MB 流量.
[2023-12-01 03:20:12,606] [INFO] r*********@o******.com 获得了 346MB 流量.
[2023-12-02 03:19:01,820] [INFO] r*********@o******.com 获得了 365MB 流量.
[2023-12-03 03:18:53,827] [INFO] r*********@o******.com 获得了 494MB 流量.
[2023-12-04 03:19:55,520] [INFO] r*********@o******.com 获得了 487MB 流量.
[2023-12-05 03:20:01,400] [INFO] r*********@o******.com 获得了 369MB 流量.
[2023-12-06 03:20:04,382] [INFO] r*********@o******.com 获得了 471MB 流量.
[2023-12-07 03:19:44,292] [INFO] r*********@o******.com 获得了 372MB 流量.
[2023-12-08 03:19:37,512] [INFO] r*********@o******.com 获得了 415MB 流量.
[2023-12-09 03:18:59,692] [INFO] r*********@o******.com 获得了 492MB 流量.
[2023-12-10 03:19:39,477] [INFO] r*********@o******.com 获得了 425MB 流量.
[2023-12-11 03:20:19,141] [INFO] r*********@o******.com 获得了 399MB 流量.
[2023-12-12 03:20:02,759] [INFO] r*********@o******.com 获得了 309MB 流量.
[2023-12-13 03:20:14,335] [INFO] r*********@o******.com 获得了 472MB 流量.
[2023-12-14 03:19:49,091] [INFO] r*********@o******.com 获得了 314MB 流量.
[2023-12-15 03:20:14,588] [INFO] r*********@o******.com 获得了 412MB 流量.
[2023-12-16 03:19:31,034] [INFO] r*********@o******.com 获得了 338MB 流量.
[2023-12-17 03:19:05,016] [INFO] r*********@o******.com 获得了 376MB 流量.
[2023-12-18 03:20:03,138] [INFO] r*********@o******.com 获得了 303MB 流量.
[2023-12-19 03:20:22,906] [INFO] r*********@o******.com 获得了 417MB 流量.
[2023-12-20 03:16:07,256] [INFO] r*********@o******.com 获得了 494MB 流量.
[2023-12-21 03:19:26,962] [INFO] r*********@o******.com 获得了 469MB 流量.
[2023-12-22 03:19:33,886] [INFO] r*********@o******.com 获得了 366MB 流量.
[2023-12-23 03:19:20,351] [INFO] r*********@o******.com 获得了 307MB 流量.
[2023-12-24 03:19:25,003] [INFO] r*********@o******.com 获得了 486MB 流量.
[2023-12-25 03:19:49,512] [INFO] r*********@o******.com 获得了 302MB 流量.
[2023-12-26 03:19:24,389] [INFO] r*********@o******.com 系统无法接受您的验证结果，请完成非机器人验证。
[2023-12-27 03:19:49,855] [INFO] r*********@o******.com 系统无法接受您的验证结果，请完成非机器人验证。
[2023-12-28 03:19:36,091] [INFO] r*********@o******.com 系统无法接受您的验证结果，请完成非机器人验证。
[2023-12-29 03:19:45,452] [INFO] r*********@o******.com 系统无法接受您的验证结果，请完成非机器人验证。
[2023-12-30 03:19:16,030] [INFO] r*********@o******.com 系统无法接受您的验证结果，请完成非机器人验证。
[2023-12-31 03:19:31,440] [INFO] r*********@o******.com 系统无法接受您的验证结果，请完成非机器人验证。
[2024-01-01 03:20:35,952] [INFO] r*********@o******.com 系统无法接受您的验证结果，请完成非机器人验证。
[2024-01-02 03:19:53,176] [INFO] r*********@o******.com 系统无法接受您的验证结果，请完成非机器人验证。
[2024-01-03 03:20:42,518] [INFO] r*********@o******.com 系统无法接受您的验证结果，请完成非机器人验证。
[2024-01-04 03:19:51,862] [INFO] r*********@o******.com 系统无法接受您的验证结果，请完成非机器人验证。
[2024-01-05 03:19:45,201] [INFO] r*********@o******.com 系统无法接受您的验证结果，请完成非机器人验证。
[2024-01-06 03:19:15,001] [INFO] r*********@o******.com 系统无法接受您的验证结果，请完成非机器人验证。
[2024-01-07 03:19:33,106] [INFO] r*********@o******.com 系统无法接受您的验证结果，请完成非机器人验证。
[2024-01-08 03:20:24,518] [INFO] r*********@o******.com 系统无法接受您的验证结果，请完成非机器人验证。
[2024-01-09 03:20:11,141] [INFO] r*********@o******.com 系统无法接受您的验证结果，请完成非机器人验证。
[2024-01-10 03:20:27,768] [INFO] r*********@o******.com 系统无法接受您的验证结果，请完成非机器人验证。
[2024-01-11 03:20:13,326] [INFO] r*********@o******.com 系统无法接受您的验证结果，请完成非机器人验证。
[2024-01-12 03:20:14,295] [INFO] r*********@o******.com 系统无法接受您的验证结果，请完成非机器人验证。
[2024-01-13 03:19:44,875] [INFO] r*********@o******.com 系统无法接受您的验证结果，请完成非机器人验证。
[2024-01-14 03:20:26,422] [INFO] r*********@o******.com 系统无法接受您的验证结果，请完成非机器人验证。
[2024-01-15 03:20:44,072] [INFO] r*********@o******.com 系统无法接受您的验证结果，请完成非机器人验证。
[2024-01-16 03:21:26,704] [INFO] r*********@o******.com 系统无法接受您的验证结果，请完成非机器人验证。
[2024-01-17 03:21:23,921] [INFO] r*********@o******.com 系统无法接受您的验证结果，请完成非机器人验证。
[2024-01-18 03:20:32,569] [INFO] r*********@o******.com 系统无法接受您的验证结果，请完成非机器人验证。
[2024-01-19 03:20:39,243] [INFO] r*********@o******.com 系统无法接受您的验证结果，请完成非机器人验证。
[2024-01-20 03:19:50,729] [INFO] r*********@o******.com 系统无法接受您的验证结果，请完成非机器人验证。
[2024-01-21 03:19:52,378] [INFO] r*********@o******.com 系统无法接受您的验证结果，请完成非机器人验证。
[2024-01-22 03:21:07,562] [INFO] r*********@o******.com 系统无法接受您的验证结果，请完成非机器人验证。
[2024-01-23 03:20:27,804] [INFO] r*********@o******.com 系统无法接受您的验证结果，请完成非机器人验证。
[2024-01-24 03:20:29,652] [INFO] r*********@o******.com 系统无法接受您的验证结果，请完成非机器人验证。
[2024-01-25 03:20:24,359] [INFO] r*********@o******.com 系统无法接受您的验证结果，请完成非机器人验证。
[2024-01-26 03:19:58,397] [INFO] r*********@o******.com 系统无法接受您的验证结果，请完成非机器人验证。
[2024-01-27 03:17:37,317] [INFO] r*********@o******.com 系统无法接受您的验证结果，请完成非机器人验证。
[2024-01-28 03:17:47,962] [INFO] r*********@o******.com 系统无法接受您的验证结果，请完成非机器人验证。
[2024-01-29 03:19:06,440] [INFO] r*********@o******.com 系统无法接受您的验证结果，请完成非机器人验证。
[2024-01-30 03:18:15,703] [INFO] r*********@o******.com 系统无法接受您的验证结果，请完成非机器人验证。
[2024-01-31 03:18:44,938] [INFO] r*********@o******.com 系统无法接受您的验证结果，请完成非机器人验证。
[2024-02-01 03:19:33,072] [INFO] r*********@o******.com 系统无法接受您的验证结果，请完成非机器人验证。
[2024-02-02 03:18:57,683] [INFO] r*********@o******.com 系统无法接受您的验证结果，请完成非机器人验证。
[2024-02-03 03:21:18,753] [INFO] r*********@o******.com 系统无法接受您的验证结果，请完成非机器人验证。
[2024-02-04 03:19:29,438] [INFO] r*********@o******.com 系统无法接受您的验证结果，请完成非机器人验证。
[2024-02-05 03:19:40,984] [INFO] r*********@o******.com 系统无法接受您的验证结果，请完成非机器人验证。
[2024-02-06 03:19:22,255] [INFO] r*********@o******.com 系统无法接受您的验证结果，请完成非机器人验证。
[2024-02-07 03:19:36,651] [INFO] r*********@o******.com 系统无法接受您的验证结果，请完成非机器人验证。
[2024-02-08 03:19:26,881] [INFO] r*********@o******.com 系统无法接受您的验证结果，请完成非机器人验证。
[2024-02-09 03:18:52,817] [INFO] r*********@o******.com 系统无法接受您的验证结果，请完成非机器人验证。
[2024-02-10 03:18:55,510] [INFO] r*********@o******.com 系统无法接受您的验证结果，请完成非机器人验证。
[2024-02-11 03:18:47,103] [INFO] r*********@o******.com 系统无法接受您的验证结果，请完成非机器人验证。
[2024-02-12 03:18:44,998] [INFO] r*********@o******.com 系统无法接受您的验证结果，请完成非机器人验证。
[2024-02-13 03:20:07,337] [INFO] r*********@o******.com 系统无法接受您的验证结果，请完成非机器人验证。
[2024-02-14 03:20:07,061] [INFO] r*********@o******.com 系统无法接受您的验证结果，请完成非机器人验证。
[2024-02-15 03:21:06,392] [INFO] r*********@o******.com 系统无法接受您的验证结果，请完成非机器人验证。
[2024-02-16 03:20:08,661] [INFO] r*********@o******.com 系统无法接受您的验证结果，请完成非机器人验证。
[2024-02-17 03:19:04,819] [INFO] r*********@o******.com 系统无法接受您的验证结果，请完成非机器人验证。
[2024-02-18 03:18:25,375] [INFO] r*********@o******.com 系统无法接受您的验证结果，请完成非机器人验证。
[2024-02-19 03:19:12,221] [INFO] r*********@o******.com 系统无法接受您的验证结果，请完成非机器人验证。
[2024-02-20 03:19:31,519] [INFO] r*********@o******.com 系统无法接受您的验证结果，请完成非机器人验证。
[2024-02-21 03:18:36,266] [INFO] r*********@o******.com 系统无法接受您的验证结果，请完成非机器人验证。
[2024-02-22 03:18:51,850] [INFO] r*********@o******.com 系统无法接受您的验证结果，请完成非机器人验证。
[2024-02-23 03:18:46,230] [INFO] r*********@o******.com 系统无法接受您的验证结果，请完成非机器人验证。
[2024-02-24 03:20:45,609] [INFO] r*********@o******.com 系统无法接受您的验证结果，请完成非机器人验证。
[2024-02-25 03:20:13,711] [INFO] r*********@o******.com 系统无法接受您的验证结果，请完成非机器人验证。
[2024-02-26 03:19:59,607] [INFO] r*********@o******.com 系统无法接受您的验证结果，请完成非机器人验证。如果看不到非机器人验证按钮，请先翻墙再刷新页面。
[2024-02-27 03:19:22,785] [INFO] r*********@o******.com 系统无法接受您的验证结果，请完成非机器人验证。如果看不到非机器人验证按钮，请先翻墙再刷新页面。
[2024-02-28 03:18:48,250] [INFO] r*********@o******.com 系统无法接受您的验证结果，请完成非机器人验证。如果看不到非机器人验证按钮，请先翻墙再刷新页面。
[2024-02-29 03:21:22,497] [INFO] r*********@o******.com 系统无法接受您的验证结果，请完成非机器人验证。如果看不到非机器人验证按钮，请先翻墙再刷新页面。
[2024-03-01 03:23:32,949] [INFO] r*********@o******.com 系统无法接受您的验证结果，请完成非机器人验证。如果看不到非机器人验证按钮，请先翻墙再刷新页面。
[2024-03-02 03:18:05,563] [INFO] r*********@o******.com 系统无法接受您的验证结果，请完成非机器人验证。如果看不到非机器人验证按钮，请先翻墙再刷新页面。
[2024-03-03 03:18:17,323] [INFO] r*********@o******.com 系统无法接受您的验证结果，请完成非机器人验证。如果看不到非机器人验证按钮，请先翻墙再刷新页面。
[2024-03-04 03:48:25,219] [INFO] r*********@o******.com 系统无法接受您的验证结果，请完成非机器人验证。如果看不到非机器人验证按钮，请先翻墙再刷新页面。
